<?xml version="1.0" encoding="UTF-8"?>
<coverage generated="1619889189685" clover="3.2.0">
  <project timestamp="1619889189685" name="All files">
    <metrics statements="82" coveredstatements="77" conditionals="49" coveredconditionals="45" methods="25" coveredmethods="24" elements="156" coveredelements="146" complexity="0" loc="82" ncloc="82" packages="1" files="2" classes="2"/>
    <file name="basicOperations.js" path="C:\Users\emi_g\Downloads\Main Folder\Radium\Week 13\Unit And Integration Testing\basicOperations.js">
      <metrics statements="35" coveredstatements="30" conditionals="4" coveredconditionals="0" methods="19" coveredmethods="18"/>
      <line num="1" count="2" type="stmt"/>
      <line num="2" count="63" type="stmt"/>
      <line num="5" count="2" type="stmt"/>
      <line num="6" count="44" type="stmt"/>
      <line num="9" count="2" type="stmt"/>
      <line num="10" count="17" type="stmt"/>
      <line num="13" count="2" type="stmt"/>
      <line num="14" count="7" type="stmt"/>
      <line num="15" count="7" type="stmt"/>
      <line num="18" count="2" type="stmt"/>
      <line num="19" count="5" type="stmt"/>
      <line num="22" count="2" type="stmt"/>
      <line num="23" count="4" type="stmt"/>
      <line num="26" count="2" type="stmt"/>
      <line num="27" count="1" type="stmt"/>
      <line num="30" count="2" type="stmt"/>
      <line num="31" count="1" type="stmt"/>
      <line num="34" count="2" type="stmt"/>
      <line num="35" count="11" type="stmt"/>
      <line num="36" count="11" type="stmt"/>
      <line num="39" count="2" type="stmt"/>
      <line num="40" count="8" type="stmt"/>
      <line num="43" count="2" type="stmt"/>
      <line num="44" count="13" type="stmt"/>
      <line num="47" count="2" type="stmt"/>
      <line num="48" count="2" type="stmt"/>
      <line num="49" count="0" type="cond" truecount="0" falsecount="2"/>
      <line num="50" count="0" type="stmt"/>
      <line num="52" count="0" type="cond" truecount="0" falsecount="2"/>
      <line num="53" count="0" type="stmt"/>
      <line num="55" count="0" type="stmt"/>
      <line num="59" count="2" type="stmt"/>
      <line num="60" count="14" type="stmt"/>
      <line num="63" count="2" type="stmt"/>
      <line num="64" count="14" type="stmt"/>
    </file>
    <file name="complexOperations.js" path="C:\Users\emi_g\Downloads\Main Folder\Radium\Week 13\Unit And Integration Testing\complexOperations.js">
      <metrics statements="47" coveredstatements="47" conditionals="45" coveredconditionals="45" methods="6" coveredmethods="6"/>
      <line num="23" count="2" type="stmt"/>
      <line num="24" count="20" type="cond" truecount="4" falsecount="0"/>
      <line num="25" count="6" type="stmt"/>
      <line num="27" count="14" type="stmt"/>
      <line num="28" count="14" type="cond" truecount="2" falsecount="0"/>
      <line num="29" count="12" type="stmt"/>
      <line num="31" count="2" type="stmt"/>
      <line num="47" count="2" type="cond" truecount="1" falsecount="0"/>
      <line num="48" count="28" type="cond" truecount="4" falsecount="0"/>
      <line num="49" count="9" type="stmt"/>
      <line num="51" count="18" type="cond" truecount="4" falsecount="0"/>
      <line num="52" count="8" type="stmt"/>
      <line num="54" count="10" type="cond" truecount="5" falsecount="0"/>
      <line num="57" count="4" type="stmt"/>
      <line num="59" count="2" type="stmt"/>
      <line num="62" count="2" type="stmt"/>
      <line num="63" count="2" type="stmt"/>
      <line num="65" count="2" type="stmt"/>
      <line num="86" count="2" type="stmt"/>
      <line num="87" count="32" type="cond" truecount="5" falsecount="0"/>
      <line num="88" count="22" type="stmt"/>
      <line num="90" count="10" type="stmt"/>
      <line num="91" count="10" type="cond" truecount="2" falsecount="0"/>
      <line num="92" count="2" type="stmt"/>
      <line num="94" count="8" type="stmt"/>
      <line num="108" count="2" type="stmt"/>
      <line num="109" count="24" type="cond" truecount="4" falsecount="0"/>
      <line num="110" count="12" type="stmt"/>
      <line num="112" count="12" type="stmt"/>
      <line num="113" count="12" type="cond" truecount="2" falsecount="0"/>
      <line num="114" count="6" type="stmt"/>
      <line num="116" count="6" type="stmt"/>
      <line num="131" count="2" type="stmt"/>
      <line num="132" count="25" type="cond" truecount="2" falsecount="0"/>
      <line num="133" count="8" type="stmt"/>
      <line num="135" count="17" type="cond" truecount="4" falsecount="0"/>
      <line num="136" count="4" type="stmt"/>
      <line num="138" count="13" type="cond" truecount="2" falsecount="0"/>
      <line num="139" count="7" type="stmt"/>
      <line num="141" count="6" type="stmt"/>
      <line num="155" count="2" type="stmt"/>
      <line num="156" count="26" type="cond" truecount="2" falsecount="0"/>
      <line num="157" count="10" type="stmt"/>
      <line num="159" count="16" type="stmt"/>
      <line num="160" count="16" type="cond" truecount="2" falsecount="0"/>
      <line num="161" count="6" type="stmt"/>
      <line num="163" count="10" type="stmt"/>
    </file>
  </project>
</coverage>
