<?xml version="1.0" encoding="UTF-8"?>
<coverage generated="1620043482574" clover="3.2.0">
  <project timestamp="1620043482575" name="All files">
    <metrics statements="83" coveredstatements="83" conditionals="49" coveredconditionals="49" methods="25" coveredmethods="25" elements="157" coveredelements="157" complexity="0" loc="83" ncloc="83" packages="1" files="2" classes="2"/>
    <file name="basicOperations.js" path="C:\Users\emi_g\Downloads\Main Folder\Radium\Week 13\Unit And Integration Testing\basicOperations.js">
      <metrics statements="35" coveredstatements="35" conditionals="4" coveredconditionals="4" methods="19" coveredmethods="19"/>
      <line num="1" count="2" type="stmt"/>
      <line num="2" count="63" type="stmt"/>
      <line num="5" count="2" type="stmt"/>
      <line num="6" count="47" type="stmt"/>
      <line num="9" count="2" type="stmt"/>
      <line num="10" count="20" type="stmt"/>
      <line num="13" count="2" type="stmt"/>
      <line num="14" count="7" type="stmt"/>
      <line num="15" count="7" type="stmt"/>
      <line num="18" count="2" type="stmt"/>
      <line num="19" count="5" type="stmt"/>
      <line num="22" count="2" type="stmt"/>
      <line num="23" count="4" type="stmt"/>
      <line num="26" count="2" type="stmt"/>
      <line num="27" count="1" type="stmt"/>
      <line num="30" count="2" type="stmt"/>
      <line num="31" count="1" type="stmt"/>
      <line num="34" count="2" type="stmt"/>
      <line num="35" count="11" type="stmt"/>
      <line num="36" count="11" type="stmt"/>
      <line num="39" count="2" type="stmt"/>
      <line num="40" count="14" type="stmt"/>
      <line num="43" count="2" type="stmt"/>
      <line num="44" count="13" type="stmt"/>
      <line num="47" count="2" type="stmt"/>
      <line num="48" count="5" type="stmt"/>
      <line num="49" count="6" type="cond" truecount="2" falsecount="0"/>
      <line num="50" count="3" type="stmt"/>
      <line num="52" count="3" type="cond" truecount="2" falsecount="0"/>
      <line num="53" count="2" type="stmt"/>
      <line num="55" count="1" type="stmt"/>
      <line num="59" count="2" type="stmt"/>
      <line num="60" count="14" type="stmt"/>
      <line num="63" count="2" type="stmt"/>
      <line num="64" count="14" type="stmt"/>
    </file>
    <file name="complexOperations.js" path="C:\Users\emi_g\Downloads\Main Folder\Radium\Week 13\Unit And Integration Testing\complexOperations.js">
      <metrics statements="48" coveredstatements="48" conditionals="45" coveredconditionals="45" methods="6" coveredmethods="6"/>
      <line num="23" count="2" type="stmt"/>
      <line num="24" count="20" type="cond" truecount="4" falsecount="0"/>
      <line num="25" count="6" type="stmt"/>
      <line num="27" count="14" type="stmt"/>
      <line num="28" count="14" type="cond" truecount="2" falsecount="0"/>
      <line num="29" count="12" type="stmt"/>
      <line num="31" count="2" type="stmt"/>
      <line num="47" count="2" type="cond" truecount="1" falsecount="0"/>
      <line num="48" count="28" type="cond" truecount="4" falsecount="0"/>
      <line num="49" count="9" type="stmt"/>
      <line num="51" count="18" type="cond" truecount="4" falsecount="0"/>
      <line num="52" count="8" type="stmt"/>
      <line num="54" count="10" type="cond" truecount="5" falsecount="0"/>
      <line num="56" count="2" type="stmt"/>
      <line num="58" count="2" type="stmt"/>
      <line num="60" count="2" type="stmt"/>
      <line num="63" count="2" type="stmt"/>
      <line num="64" count="2" type="stmt"/>
      <line num="66" count="2" type="stmt"/>
      <line num="87" count="2" type="stmt"/>
      <line num="88" count="32" type="cond" truecount="5" falsecount="0"/>
      <line num="89" count="22" type="stmt"/>
      <line num="91" count="10" type="stmt"/>
      <line num="92" count="10" type="cond" truecount="2" falsecount="0"/>
      <line num="93" count="2" type="stmt"/>
      <line num="95" count="8" type="stmt"/>
      <line num="109" count="2" type="stmt"/>
      <line num="110" count="24" type="cond" truecount="4" falsecount="0"/>
      <line num="111" count="12" type="stmt"/>
      <line num="113" count="12" type="stmt"/>
      <line num="114" count="12" type="cond" truecount="2" falsecount="0"/>
      <line num="115" count="6" type="stmt"/>
      <line num="117" count="6" type="stmt"/>
      <line num="132" count="2" type="stmt"/>
      <line num="133" count="28" type="cond" truecount="2" falsecount="0"/>
      <line num="134" count="8" type="stmt"/>
      <line num="136" count="20" type="cond" truecount="4" falsecount="0"/>
      <line num="137" count="4" type="stmt"/>
      <line num="139" count="16" type="cond" truecount="2" falsecount="0"/>
      <line num="140" count="7" type="stmt"/>
      <line num="142" count="9" type="stmt"/>
      <line num="156" count="2" type="stmt"/>
      <line num="157" count="26" type="cond" truecount="2" falsecount="0"/>
      <line num="158" count="10" type="stmt"/>
      <line num="160" count="16" type="stmt"/>
      <line num="161" count="16" type="cond" truecount="2" falsecount="0"/>
      <line num="162" count="6" type="stmt"/>
      <line num="164" count="10" type="stmt"/>
    </file>
  </project>
</coverage>
