{"C:\\Users\\emi_g\\Downloads\\Main Folder\\Radium\\Week 13\\Unit And Integration Testing\\basicOperations.js": {"path":"C:\\Users\\emi_g\\Downloads\\Main Folder\\Radium\\Week 13\\Unit And Integration Testing\\basicOperations.js","statementMap":{"0":{"start":{"line":1,"column":24},"end":{"line":3,"column":1}},"1":{"start":{"line":2,"column":2},"end":{"line":2,"column":36}},"2":{"start":{"line":5,"column":23},"end":{"line":7,"column":1}},"3":{"start":{"line":6,"column":2},"end":{"line":6,"column":30}},"4":{"start":{"line":9,"column":24},"end":{"line":11,"column":1}},"5":{"start":{"line":10,"column":2},"end":{"line":10,"column":36}},"6":{"start":{"line":13,"column":29},"end":{"line":16,"column":1}},"7":{"start":{"line":14,"column":21},"end":{"line":14,"column":139}},"8":{"start":{"line":15,"column":2},"end":{"line":15,"column":33}},"9":{"start":{"line":18,"column":19},"end":{"line":20,"column":1}},"10":{"start":{"line":19,"column":2},"end":{"line":19,"column":15}},"11":{"start":{"line":22,"column":22},"end":{"line":24,"column":1}},"12":{"start":{"line":23,"column":2},"end":{"line":23,"column":15}},"13":{"start":{"line":26,"column":24},"end":{"line":28,"column":1}},"14":{"start":{"line":27,"column":2},"end":{"line":27,"column":15}},"15":{"start":{"line":30,"column":24},"end":{"line":32,"column":1}},"16":{"start":{"line":31,"column":2},"end":{"line":31,"column":23}},"17":{"start":{"line":34,"column":33},"end":{"line":37,"column":1}},"18":{"start":{"line":35,"column":27},"end":{"line":35,"column":72}},"19":{"start":{"line":36,"column":2},"end":{"line":36,"column":57}},"20":{"start":{"line":39,"column":45},"end":{"line":41,"column":1}},"21":{"start":{"line":40,"column":2},"end":{"line":40,"column":46}},"22":{"start":{"line":40,"column":32},"end":{"line":40,"column":44}},"23":{"start":{"line":43,"column":33},"end":{"line":45,"column":1}},"24":{"start":{"line":44,"column":2},"end":{"line":44,"column":60}},"25":{"start":{"line":44,"column":34},"end":{"line":44,"column":58}},"26":{"start":{"line":47,"column":30},"end":{"line":57,"column":1}},"27":{"start":{"line":48,"column":2},"end":{"line":56,"column":5}},"28":{"start":{"line":49,"column":4},"end":{"line":51,"column":5}},"29":{"start":{"line":50,"column":6},"end":{"line":50,"column":16}},"30":{"start":{"line":52,"column":4},"end":{"line":54,"column":5}},"31":{"start":{"line":53,"column":6},"end":{"line":53,"column":15}},"32":{"start":{"line":55,"column":4},"end":{"line":55,"column":13}},"33":{"start":{"line":59,"column":39},"end":{"line":61,"column":1}},"34":{"start":{"line":60,"column":2},"end":{"line":60,"column":52}},"35":{"start":{"line":60,"column":33},"end":{"line":60,"column":50}},"36":{"start":{"line":63,"column":38},"end":{"line":65,"column":1}},"37":{"start":{"line":64,"column":2},"end":{"line":64,"column":52}},"38":{"start":{"line":64,"column":33},"end":{"line":64,"column":50}}},"fnMap":{"0":{"name":"(anonymous_0)","decl":{"start":{"line":1,"column":24},"end":{"line":1,"column":25}},"loc":{"start":{"line":1,"column":34},"end":{"line":3,"column":1}},"line":1},"1":{"name":"(anonymous_1)","decl":{"start":{"line":5,"column":23},"end":{"line":5,"column":24}},"loc":{"start":{"line":5,"column":32},"end":{"line":7,"column":1}},"line":5},"2":{"name":"(anonymous_2)","decl":{"start":{"line":9,"column":24},"end":{"line":9,"column":25}},"loc":{"start":{"line":9,"column":34},"end":{"line":11,"column":1}},"line":9},"3":{"name":"(anonymous_3)","decl":{"start":{"line":13,"column":29},"end":{"line":13,"column":30}},"loc":{"start":{"line":13,"column":39},"end":{"line":16,"column":1}},"line":13},"4":{"name":"(anonymous_4)","decl":{"start":{"line":18,"column":19},"end":{"line":18,"column":20}},"loc":{"start":{"line":18,"column":29},"end":{"line":20,"column":1}},"line":18},"5":{"name":"(anonymous_5)","decl":{"start":{"line":22,"column":22},"end":{"line":22,"column":23}},"loc":{"start":{"line":22,"column":32},"end":{"line":24,"column":1}},"line":22},"6":{"name":"(anonymous_6)","decl":{"start":{"line":26,"column":24},"end":{"line":26,"column":25}},"loc":{"start":{"line":26,"column":34},"end":{"line":28,"column":1}},"line":26},"7":{"name":"(anonymous_7)","decl":{"start":{"line":30,"column":24},"end":{"line":30,"column":25}},"loc":{"start":{"line":30,"column":34},"end":{"line":32,"column":1}},"line":30},"8":{"name":"(anonymous_8)","decl":{"start":{"line":34,"column":33},"end":{"line":34,"column":34}},"loc":{"start":{"line":34,"column":45},"end":{"line":37,"column":1}},"line":34},"9":{"name":"(anonymous_9)","decl":{"start":{"line":39,"column":45},"end":{"line":39,"column":46}},"loc":{"start":{"line":39,"column":61},"end":{"line":41,"column":1}},"line":39},"10":{"name":"(anonymous_10)","decl":{"start":{"line":40,"column":21},"end":{"line":40,"column":22}},"loc":{"start":{"line":40,"column":32},"end":{"line":40,"column":44}},"line":40},"11":{"name":"(anonymous_11)","decl":{"start":{"line":43,"column":33},"end":{"line":43,"column":34}},"loc":{"start":{"line":43,"column":53},"end":{"line":45,"column":1}},"line":43},"12":{"name":"(anonymous_12)","decl":{"start":{"line":44,"column":23},"end":{"line":44,"column":24}},"loc":{"start":{"line":44,"column":34},"end":{"line":44,"column":58}},"line":44},"13":{"name":"(anonymous_13)","decl":{"start":{"line":47,"column":30},"end":{"line":47,"column":31}},"loc":{"start":{"line":47,"column":46},"end":{"line":57,"column":1}},"line":47},"14":{"name":"(anonymous_14)","decl":{"start":{"line":48,"column":20},"end":{"line":48,"column":21}},"loc":{"start":{"line":48,"column":29},"end":{"line":56,"column":3}},"line":48},"15":{"name":"(anonymous_15)","decl":{"start":{"line":59,"column":39},"end":{"line":59,"column":40}},"loc":{"start":{"line":59,"column":50},"end":{"line":61,"column":1}},"line":59},"16":{"name":"(anonymous_16)","decl":{"start":{"line":60,"column":22},"end":{"line":60,"column":23}},"loc":{"start":{"line":60,"column":33},"end":{"line":60,"column":50}},"line":60},"17":{"name":"(anonymous_17)","decl":{"start":{"line":63,"column":38},"end":{"line":63,"column":39}},"loc":{"start":{"line":63,"column":49},"end":{"line":65,"column":1}},"line":63},"18":{"name":"(anonymous_18)","decl":{"start":{"line":64,"column":22},"end":{"line":64,"column":23}},"loc":{"start":{"line":64,"column":33},"end":{"line":64,"column":50}},"line":64}},"branchMap":{"0":{"loc":{"start":{"line":49,"column":4},"end":{"line":51,"column":5}},"type":"if","locations":[{"start":{"line":49,"column":4},"end":{"line":51,"column":5}},{"start":{"line":49,"column":4},"end":{"line":51,"column":5}}],"line":49},"1":{"loc":{"start":{"line":52,"column":4},"end":{"line":54,"column":5}},"type":"if","locations":[{"start":{"line":52,"column":4},"end":{"line":54,"column":5}},{"start":{"line":52,"column":4},"end":{"line":54,"column":5}}],"line":52}},"s":{"0":2,"1":63,"2":2,"3":47,"4":2,"5":20,"6":2,"7":7,"8":7,"9":2,"10":5,"11":2,"12":4,"13":2,"14":1,"15":2,"16":1,"17":2,"18":11,"19":11,"20":2,"21":10,"22":14,"23":2,"24":6,"25":13,"26":2,"27":5,"28":6,"29":3,"30":3,"31":2,"32":1,"33":2,"34":5,"35":14,"36":2,"37":5,"38":14},"f":{"0":63,"1":47,"2":20,"3":7,"4":5,"5":4,"6":1,"7":1,"8":11,"9":10,"10":14,"11":6,"12":13,"13":5,"14":6,"15":5,"16":14,"17":5,"18":14},"b":{"0":[3,3],"1":[2,1]},"_coverageSchema":"1a1c01bbd47fc00a2c39e90264f33305004495a9","hash":"2dcf3c5ef8db9a13ad95a74d6fefd19f09c3c7a3"}
,"C:\\Users\\emi_g\\Downloads\\Main Folder\\Radium\\Week 13\\Unit And Integration Testing\\complexOperations.js": {"path":"C:\\Users\\emi_g\\Downloads\\Main Folder\\Radium\\Week 13\\Unit And Integration Testing\\complexOperations.js","statementMap":{"0":{"start":{"line":23,"column":26},"end":{"line":32,"column":1}},"1":{"start":{"line":24,"column":2},"end":{"line":26,"column":3}},"2":{"start":{"line":25,"column":4},"end":{"line":25,"column":43}},"3":{"start":{"line":27,"column":23},"end":{"line":27,"column":43}},"4":{"start":{"line":28,"column":2},"end":{"line":30,"column":3}},"5":{"start":{"line":29,"column":4},"end":{"line":29,"column":34}},"6":{"start":{"line":31,"column":2},"end":{"line":31,"column":30}},"7":{"start":{"line":47,"column":29},"end":{"line":68,"column":1}},"8":{"start":{"line":48,"column":2},"end":{"line":50,"column":3}},"9":{"start":{"line":49,"column":4},"end":{"line":49,"column":40}},"10":{"start":{"line":51,"column":2},"end":{"line":53,"column":3}},"11":{"start":{"line":52,"column":4},"end":{"line":52,"column":51}},"12":{"start":{"line":54,"column":2},"end":{"line":67,"column":3}},"13":{"start":{"line":56,"column":6},"end":{"line":56,"column":38}},"14":{"start":{"line":58,"column":6},"end":{"line":58,"column":38}},"15":{"start":{"line":60,"column":6},"end":{"line":60,"column":51}},"16":{"start":{"line":63,"column":20},"end":{"line":63,"column":27}},"17":{"start":{"line":64,"column":6},"end":{"line":64,"column":42}},"18":{"start":{"line":66,"column":6},"end":{"line":66,"column":42}},"19":{"start":{"line":87,"column":30},"end":{"line":96,"column":1}},"20":{"start":{"line":88,"column":2},"end":{"line":90,"column":3}},"21":{"start":{"line":89,"column":4},"end":{"line":89,"column":42}},"22":{"start":{"line":91,"column":20},"end":{"line":91,"column":41}},"23":{"start":{"line":92,"column":2},"end":{"line":94,"column":3}},"24":{"start":{"line":93,"column":4},"end":{"line":93,"column":53}},"25":{"start":{"line":95,"column":2},"end":{"line":95,"column":48}},"26":{"start":{"line":109,"column":41},"end":{"line":118,"column":1}},"27":{"start":{"line":110,"column":2},"end":{"line":112,"column":3}},"28":{"start":{"line":111,"column":4},"end":{"line":111,"column":41}},"29":{"start":{"line":113,"column":23},"end":{"line":113,"column":56}},"30":{"start":{"line":114,"column":2},"end":{"line":116,"column":3}},"31":{"start":{"line":115,"column":4},"end":{"line":115,"column":45}},"32":{"start":{"line":117,"column":2},"end":{"line":117,"column":22}},"33":{"start":{"line":132,"column":39},"end":{"line":143,"column":1}},"34":{"start":{"line":133,"column":2},"end":{"line":135,"column":3}},"35":{"start":{"line":134,"column":4},"end":{"line":134,"column":48}},"36":{"start":{"line":136,"column":2},"end":{"line":138,"column":3}},"37":{"start":{"line":137,"column":4},"end":{"line":137,"column":50}},"38":{"start":{"line":139,"column":2},"end":{"line":141,"column":3}},"39":{"start":{"line":140,"column":4},"end":{"line":140,"column":74}},"40":{"start":{"line":142,"column":2},"end":{"line":142,"column":36}},"41":{"start":{"line":156,"column":41},"end":{"line":168,"column":1}},"42":{"start":{"line":157,"column":2},"end":{"line":159,"column":3}},"43":{"start":{"line":158,"column":4},"end":{"line":158,"column":42}},"44":{"start":{"line":160,"column":29},"end":{"line":160,"column":50}},"45":{"start":{"line":161,"column":2},"end":{"line":163,"column":3}},"46":{"start":{"line":162,"column":4},"end":{"line":162,"column":48}},"47":{"start":{"line":164,"column":2},"end":{"line":167,"column":3}}},"fnMap":{"0":{"name":"(anonymous_0)","decl":{"start":{"line":23,"column":26},"end":{"line":23,"column":27}},"loc":{"start":{"line":23,"column":37},"end":{"line":32,"column":1}},"line":23},"1":{"name":"(anonymous_1)","decl":{"start":{"line":47,"column":29},"end":{"line":47,"column":30}},"loc":{"start":{"line":47,"column":63},"end":{"line":68,"column":1}},"line":47},"2":{"name":"(anonymous_2)","decl":{"start":{"line":87,"column":30},"end":{"line":87,"column":31}},"loc":{"start":{"line":87,"column":61},"end":{"line":96,"column":1}},"line":87},"3":{"name":"(anonymous_3)","decl":{"start":{"line":109,"column":41},"end":{"line":109,"column":42}},"loc":{"start":{"line":109,"column":61},"end":{"line":118,"column":1}},"line":109},"4":{"name":"(anonymous_4)","decl":{"start":{"line":132,"column":39},"end":{"line":132,"column":40}},"loc":{"start":{"line":132,"column":55},"end":{"line":143,"column":1}},"line":132},"5":{"name":"(anonymous_5)","decl":{"start":{"line":156,"column":41},"end":{"line":156,"column":42}},"loc":{"start":{"line":156,"column":52},"end":{"line":168,"column":1}},"line":156}},"branchMap":{"0":{"loc":{"start":{"line":24,"column":2},"end":{"line":26,"column":3}},"type":"if","locations":[{"start":{"line":24,"column":2},"end":{"line":26,"column":3}},{"start":{"line":24,"column":2},"end":{"line":26,"column":3}}],"line":24},"1":{"loc":{"start":{"line":24,"column":6},"end":{"line":24,"column":32}},"type":"binary-expr","locations":[{"start":{"line":24,"column":6},"end":{"line":24,"column":12}},{"start":{"line":24,"column":16},"end":{"line":24,"column":32}}],"line":24},"2":{"loc":{"start":{"line":28,"column":2},"end":{"line":30,"column":3}},"type":"if","locations":[{"start":{"line":28,"column":2},"end":{"line":30,"column":3}},{"start":{"line":28,"column":2},"end":{"line":30,"column":3}}],"line":28},"3":{"loc":{"start":{"line":47,"column":47},"end":{"line":47,"column":58}},"type":"default-arg","locations":[{"start":{"line":47,"column":57},"end":{"line":47,"column":58}}],"line":47},"4":{"loc":{"start":{"line":48,"column":2},"end":{"line":50,"column":3}},"type":"if","locations":[{"start":{"line":48,"column":2},"end":{"line":50,"column":3}},{"start":{"line":48,"column":2},"end":{"line":50,"column":3}}],"line":48},"5":{"loc":{"start":{"line":48,"column":6},"end":{"line":48,"column":43}},"type":"binary-expr","locations":[{"start":{"line":48,"column":6},"end":{"line":48,"column":13}},{"start":{"line":48,"column":17},"end":{"line":48,"column":43}}],"line":48},"6":{"loc":{"start":{"line":51,"column":2},"end":{"line":53,"column":3}},"type":"if","locations":[{"start":{"line":51,"column":2},"end":{"line":53,"column":3}},{"start":{"line":51,"column":2},"end":{"line":53,"column":3}}],"line":51},"7":{"loc":{"start":{"line":51,"column":6},"end":{"line":51,"column":46}},"type":"binary-expr","locations":[{"start":{"line":51,"column":6},"end":{"line":51,"column":24}},{"start":{"line":51,"column":28},"end":{"line":51,"column":46}}],"line":51},"8":{"loc":{"start":{"line":54,"column":2},"end":{"line":67,"column":3}},"type":"switch","locations":[{"start":{"line":55,"column":4},"end":{"line":56,"column":38}},{"start":{"line":57,"column":4},"end":{"line":58,"column":38}},{"start":{"line":59,"column":4},"end":{"line":60,"column":51}},{"start":{"line":61,"column":4},"end":{"line":64,"column":42}},{"start":{"line":65,"column":4},"end":{"line":66,"column":42}}],"line":54},"9":{"loc":{"start":{"line":88,"column":2},"end":{"line":90,"column":3}},"type":"if","locations":[{"start":{"line":88,"column":2},"end":{"line":90,"column":3}},{"start":{"line":88,"column":2},"end":{"line":90,"column":3}}],"line":88},"10":{"loc":{"start":{"line":88,"column":6},"end":{"line":88,"column":68}},"type":"binary-expr","locations":[{"start":{"line":88,"column":6},"end":{"line":88,"column":24}},{"start":{"line":88,"column":28},"end":{"line":88,"column":46}},{"start":{"line":88,"column":50},"end":{"line":88,"column":68}}],"line":88},"11":{"loc":{"start":{"line":92,"column":2},"end":{"line":94,"column":3}},"type":"if","locations":[{"start":{"line":92,"column":2},"end":{"line":94,"column":3}},{"start":{"line":92,"column":2},"end":{"line":94,"column":3}}],"line":92},"12":{"loc":{"start":{"line":110,"column":2},"end":{"line":112,"column":3}},"type":"if","locations":[{"start":{"line":110,"column":2},"end":{"line":112,"column":3}},{"start":{"line":110,"column":2},"end":{"line":112,"column":3}}],"line":110},"13":{"loc":{"start":{"line":110,"column":6},"end":{"line":110,"column":42}},"type":"binary-expr","locations":[{"start":{"line":110,"column":6},"end":{"line":110,"column":22}},{"start":{"line":110,"column":26},"end":{"line":110,"column":42}}],"line":110},"14":{"loc":{"start":{"line":114,"column":2},"end":{"line":116,"column":3}},"type":"if","locations":[{"start":{"line":114,"column":2},"end":{"line":116,"column":3}},{"start":{"line":114,"column":2},"end":{"line":116,"column":3}}],"line":114},"15":{"loc":{"start":{"line":133,"column":2},"end":{"line":135,"column":3}},"type":"if","locations":[{"start":{"line":133,"column":2},"end":{"line":135,"column":3}},{"start":{"line":133,"column":2},"end":{"line":135,"column":3}}],"line":133},"16":{"loc":{"start":{"line":136,"column":2},"end":{"line":138,"column":3}},"type":"if","locations":[{"start":{"line":136,"column":2},"end":{"line":138,"column":3}},{"start":{"line":136,"column":2},"end":{"line":138,"column":3}}],"line":136},"17":{"loc":{"start":{"line":136,"column":6},"end":{"line":136,"column":28}},"type":"binary-expr","locations":[{"start":{"line":136,"column":6},"end":{"line":136,"column":10}},{"start":{"line":136,"column":14},"end":{"line":136,"column":28}}],"line":136},"18":{"loc":{"start":{"line":139,"column":2},"end":{"line":141,"column":3}},"type":"if","locations":[{"start":{"line":139,"column":2},"end":{"line":141,"column":3}},{"start":{"line":139,"column":2},"end":{"line":141,"column":3}}],"line":139},"19":{"loc":{"start":{"line":157,"column":2},"end":{"line":159,"column":3}},"type":"if","locations":[{"start":{"line":157,"column":2},"end":{"line":159,"column":3}},{"start":{"line":157,"column":2},"end":{"line":159,"column":3}}],"line":157},"20":{"loc":{"start":{"line":161,"column":2},"end":{"line":163,"column":3}},"type":"if","locations":[{"start":{"line":161,"column":2},"end":{"line":163,"column":3}},{"start":{"line":161,"column":2},"end":{"line":163,"column":3}}],"line":161}},"s":{"0":2,"1":20,"2":6,"3":14,"4":14,"5":12,"6":2,"7":2,"8":28,"9":9,"10":18,"11":8,"12":10,"13":2,"14":2,"15":2,"16":2,"17":2,"18":2,"19":2,"20":32,"21":22,"22":10,"23":10,"24":2,"25":8,"26":2,"27":24,"28":12,"29":12,"30":12,"31":6,"32":6,"33":2,"34":28,"35":8,"36":20,"37":4,"38":16,"39":7,"40":9,"41":2,"42":26,"43":10,"44":16,"45":16,"46":6,"47":10},"f":{"0":20,"1":28,"2":32,"3":24,"4":28,"5":26},"b":{"0":[6,14],"1":[20,16],"2":[12,2],"3":[12],"4":[9,18],"5":[28,22],"6":[8,10],"7":[18,11],"8":[2,2,2,2,2],"9":[22,10],"10":[32,13,12],"11":[2,8],"12":[12,12],"13":[24,12],"14":[6,6],"15":[8,20],"16":[4,16],"17":[20,20],"18":[7,9],"19":[10,16],"20":[6,10]},"_coverageSchema":"1a1c01bbd47fc00a2c39e90264f33305004495a9","hash":"3d1a2d5c00e748f5bbe4c51e6bae5a7a424b3e77"}
}
