TN:
SF:basicOperations.js
FN:1,(anonymous_0)
FN:5,(anonymous_1)
FN:9,(anonymous_2)
FN:13,(anonymous_3)
FN:18,(anonymous_4)
FN:22,(anonymous_5)
FN:26,(anonymous_6)
FN:30,(anonymous_7)
FN:34,(anonymous_8)
FN:39,(anonymous_9)
FN:40,(anonymous_10)
FN:43,(anonymous_11)
FN:44,(anonymous_12)
FN:47,(anonymous_13)
FN:48,(anonymous_14)
FN:59,(anonymous_15)
FN:60,(anonymous_16)
FN:63,(anonymous_17)
FN:64,(anonymous_18)
FNF:19
FNH:19
FNDA:63,(anonymous_0)
FNDA:47,(anonymous_1)
FNDA:20,(anonymous_2)
FNDA:7,(anonymous_3)
FNDA:5,(anonymous_4)
FNDA:4,(anonymous_5)
FNDA:1,(anonymous_6)
FNDA:1,(anonymous_7)
FNDA:11,(anonymous_8)
FNDA:10,(anonymous_9)
FNDA:14,(anonymous_10)
FNDA:6,(anonymous_11)
FNDA:13,(anonymous_12)
FNDA:5,(anonymous_13)
FNDA:6,(anonymous_14)
FNDA:5,(anonymous_15)
FNDA:14,(anonymous_16)
FNDA:5,(anonymous_17)
FNDA:14,(anonymous_18)
DA:1,2
DA:2,63
DA:5,2
DA:6,47
DA:9,2
DA:10,20
DA:13,2
DA:14,7
DA:15,7
DA:18,2
DA:19,5
DA:22,2
DA:23,4
DA:26,2
DA:27,1
DA:30,2
DA:31,1
DA:34,2
DA:35,11
DA:36,11
DA:39,2
DA:40,14
DA:43,2
DA:44,13
DA:47,2
DA:48,5
DA:49,6
DA:50,3
DA:52,3
DA:53,2
DA:55,1
DA:59,2
DA:60,14
DA:63,2
DA:64,14
LF:35
LH:35
BRDA:49,0,0,3
BRDA:49,0,1,3
BRDA:52,1,0,2
BRDA:52,1,1,1
BRF:4
BRH:4
end_of_record
TN:
SF:complexOperations.js
FN:23,(anonymous_0)
FN:47,(anonymous_1)
FN:87,(anonymous_2)
FN:109,(anonymous_3)
FN:132,(anonymous_4)
FN:156,(anonymous_5)
FNF:6
FNH:6
FNDA:20,(anonymous_0)
FNDA:28,(anonymous_1)
FNDA:32,(anonymous_2)
FNDA:24,(anonymous_3)
FNDA:28,(anonymous_4)
FNDA:26,(anonymous_5)
DA:23,2
DA:24,20
DA:25,6
DA:27,14
DA:28,14
DA:29,12
DA:31,2
DA:47,2
DA:48,28
DA:49,9
DA:51,18
DA:52,8
DA:54,10
DA:56,2
DA:58,2
DA:60,2
DA:63,2
DA:64,2
DA:66,2
DA:87,2
DA:88,32
DA:89,22
DA:91,10
DA:92,10
DA:93,2
DA:95,8
DA:109,2
DA:110,24
DA:111,12
DA:113,12
DA:114,12
DA:115,6
DA:117,6
DA:132,2
DA:133,28
DA:134,8
DA:136,20
DA:137,4
DA:139,16
DA:140,7
DA:142,9
DA:156,2
DA:157,26
DA:158,10
DA:160,16
DA:161,16
DA:162,6
DA:164,10
LF:48
LH:48
BRDA:24,0,0,6
BRDA:24,0,1,14
BRDA:24,1,0,20
BRDA:24,1,1,16
BRDA:28,2,0,12
BRDA:28,2,1,2
BRDA:47,3,0,12
BRDA:48,4,0,9
BRDA:48,4,1,18
BRDA:48,5,0,28
BRDA:48,5,1,22
BRDA:51,6,0,8
BRDA:51,6,1,10
BRDA:51,7,0,18
BRDA:51,7,1,11
BRDA:54,8,0,2
BRDA:54,8,1,2
BRDA:54,8,2,2
BRDA:54,8,3,2
BRDA:54,8,4,2
BRDA:88,9,0,22
BRDA:88,9,1,10
BRDA:88,10,0,32
BRDA:88,10,1,13
BRDA:88,10,2,12
BRDA:92,11,0,2
BRDA:92,11,1,8
BRDA:110,12,0,12
BRDA:110,12,1,12
BRDA:110,13,0,24
BRDA:110,13,1,12
BRDA:114,14,0,6
BRDA:114,14,1,6
BRDA:133,15,0,8
BRDA:133,15,1,20
BRDA:136,16,0,4
BRDA:136,16,1,16
BRDA:136,17,0,20
BRDA:136,17,1,20
BRDA:139,18,0,7
BRDA:139,18,1,9
BRDA:157,19,0,10
BRDA:157,19,1,16
BRDA:161,20,0,6
BRDA:161,20,1,10
BRF:45
BRH:45
end_of_record
